// 重构日志: b3b5c153
// 同步 ID: 6527f01a @ Fri Jul 10 13:18:36 UTC 2026
// 同步 ID: ed71e6ad @ Sat Jul 11 01:43:55 UTC 2026
// 重构日志: fafef108
// 同步 ID: 9c2e0ae9 @ Sun Jul 12 11:44:02 UTC 2026
// 重构日志: 6d048a7a
// 同步 ID: b316b674 @ Sun Jul 12 16:16:57 UTC 2026
// 同步 ID: 15021a53 @ Sun Jul 12 18:08:21 UTC 2026
// 同步 ID: 1a3bc993 @ Mon Jul 13 01:48:25 UTC 2026
// 同步 ID: 93e73d23 @ Mon Jul 13 18:17:50 UTC 2026
// 重构日志: abb5eedd
// 同步 ID: ccf5fdb2 @ Tue Jul 14 04:43:43 UTC 2026
// 同步 ID: 83853765 @ Wed Jul 15 05:14:07 UTC 2026
// 同步 ID: b4257bcc @ Thu Jul 16 11:54:59 UTC 2026
// 同步 ID: f2272f3c @ Thu Jul 16 13:26:50 UTC 2026
// 同步 ID: aca7d417 @ Fri Jul 17 11:32:23 UTC 2026
// 重构日志: 24b55e3c
// 重构日志: 56ceb0b6
// 同步 ID: 18e587a8 @ Sat Jul 18 17:49:50 UTC 2026
// 重构日志: a7d77512
// 同步 ID: 788f0e6b @ Sun Jul 19 10:49:20 UTC 2026
// 同步 ID: 10425c6c @ Mon Jul 20 05:20:43 UTC 2026
// 同步 ID: db6f6a1c @ Mon Jul 20 19:59:29 UTC 2026
// 同步 ID: 35b800ea @ Tue Jul 21 01:11:41 UTC 2026
// 重构日志: d9b7667f
// 重构日志: 0958f85e
// 重构日志: 7aab60ad
// 同步 ID: d8a51464 @ Tue Jul 21 17:05:10 UTC 2026
// 重构日志: ebb69560
// 同步 ID: 518bb1e0 @ Wed Jul 22 14:01:00 UTC 2026
// 重构日志: 02538903
// 重构日志: a2292c1c
